{"name": "при добавлении ингредиента в заказ, увеличивается каунтер данного ингредиента", "status": "broken", "statusDetails": {"message": "selenium.common.exceptions.TimeoutException: Message: \nStacktrace:\nRemoteError@chrome://remote/content/shared/RemoteError.sys.mjs:8:8\nWebDriverError@chrome://remote/content/shared/webdriver/Errors.sys.mjs:193:5\nNoSuchElementError@chrome://remote/content/shared/webdriver/Errors.sys.mjs:511:5\ndom.find/</<@chrome://remote/content/shared/DOM.sys.mjs:136:16", "trace": "self = <test_home_page.TestHomePage object at 0x0000027575771910>, driver = <selenium.webdriver.firefox.webdriver.WebDriver (session=\"b8cdc86c-4fdc-4aac-aa12-ecb633630825\")>\n\n    @allure.title(\"при добавлении ингредиента в заказ, увеличивается каунтер данного ингредиента\")\n    def test_count_increase(self, driver):\n        authorization_page = AuthorizationPage(driver)\n        authorization_page.opening_the_authorization_page()\n        authorization_page.entering_email_in_the_login_form(test_email)\n        authorization_page.entering_password_in_the_login_form(test_password)\n        authorization_page.click_on_the_login_button()\n        home_page = HomePage(driver)\n        home_page.move_bun()\n>       home_page.checking_that_the_cost_is_visible()\n\ntests\\test_home_page.py:63: \n_ _ _ _ _ _ _ _ _ _ _ _ _ _ _ _ _ _ _ _ _ _ _ _ _ _ _ _ _ _ _ _ _ _ _ _ _ _ _ _ _ _ _ _ _ _ _ _ _ _ _ _ _ _ _ _ _ _ _ _ _ _ _ _ _ _ _ _ _ _ _ _ _ _ _ _ _ _ _ _ _ _ _ _ _ _ _ _ _ _ _ _\npage_objects\\home_page.py:73: in checking_that_the_cost_is_visible\n    self.wait_until_visible(*self.cost_of_two_buns)\npage_objects\\base_page.py:34: in wait_until_visible\n    return self.wait.until(expected_conditions.visibility_of_element_located((by, value)))\n_ _ _ _ _ _ _ _ _ _ _ _ _ _ _ _ _ _ _ _ _ _ _ _ _ _ _ _ _ _ _ _ _ _ _ _ _ _ _ _ _ _ _ _ _ _ _ _ _ _ _ _ _ _ _ _ _ _ _ _ _ _ _ _ _ _ _ _ _ _ _ _ _ _ _ _ _ _ _ _ _ _ _ _ _ _ _ _ _ _ _ _\n\nself = <selenium.webdriver.support.wait.WebDriverWait (session=\"b8cdc86c-4fdc-4aac-aa12-ecb633630825\")>\nmethod = <function visibility_of_element_located.<locals>._predicate at 0x0000027575A84540>, message = ''\n\n    def until(self, method: Callable[[D], Union[Literal[False], T]], message: str = \"\") -> T:\n        \"\"\"Calls the method provided with the driver as an argument until the \\\n        return value does not evaluate to ``False``.\n    \n        :param method: callable(WebDriver)\n        :param message: optional message for :exc:`TimeoutException`\n        :returns: the result of the last call to `method`\n        :raises: :exc:`selenium.common.exceptions.TimeoutException` if timeout occurs\n        \"\"\"\n        screen = None\n        stacktrace = None\n    \n        end_time = time.monotonic() + self._timeout\n        while True:\n            try:\n                value = method(self._driver)\n                if value:\n                    return value\n            except self._ignored_exceptions as exc:\n                screen = getattr(exc, \"screen\", None)\n                stacktrace = getattr(exc, \"stacktrace\", None)\n            time.sleep(self._poll)\n            if time.monotonic() > end_time:\n                break\n>       raise TimeoutException(message, screen, stacktrace)\nE       selenium.common.exceptions.TimeoutException: Message: \nE       Stacktrace:\nE       RemoteError@chrome://remote/content/shared/RemoteError.sys.mjs:8:8\nE       WebDriverError@chrome://remote/content/shared/webdriver/Errors.sys.mjs:193:5\nE       NoSuchElementError@chrome://remote/content/shared/webdriver/Errors.sys.mjs:511:5\nE       dom.find/</<@chrome://remote/content/shared/DOM.sys.mjs:136:16\n\n..\\..\\qa_python_1\\.venv\\Lib\\site-packages\\selenium\\webdriver\\support\\wait.py:105: TimeoutException"}, "steps": [{"name": "Открытие страницы авторизации", "status": "passed", "start": 1730477091742, "stop": 1730477095854}, {"name": "Ввод почты", "status": "passed", "parameters": [{"name": "email", "value": "'lerochka11@yandex.ru'"}], "start": 1730477095854, "stop": 1730477095951}, {"name": "Ввод пароля", "status": "passed", "parameters": [{"name": "password", "value": "'123456789'"}], "start": 1730477095951, "stop": 1730477095978}, {"name": "Клик на кнопку войти", "status": "passed", "start": 1730477095978, "stop": 1730477096215}, {"name": "Перемещение булочки", "status": "passed", "start": 1730477096215, "stop": 1730477097314}, {"name": "Проверка на то, что видна стоимость", "status": "broken", "statusDetails": {"message": "selenium.common.exceptions.TimeoutException: Message: \nStacktrace:\nRemoteError@chrome://remote/content/shared/RemoteError.sys.mjs:8:8\nWebDriverError@chrome://remote/content/shared/webdriver/Errors.sys.mjs:193:5\nNoSuchElementError@chrome://remote/content/shared/webdriver/Errors.sys.mjs:511:5\ndom.find/</<@chrome://remote/content/shared/DOM.sys.mjs:136:16\n\n", "trace": "  File \"C:\\Users\\79168\\PycharmProjects\\qa_python_1\\.venv\\Lib\\site-packages\\allure_commons\\_allure.py\", line 192, in impl\n    return func(*a, **kw)\n           ^^^^^^^^^^^^^^\n  File \"C:\\Users\\79168\\PycharmProjects\\Diplom\\Diplom_3\\page_objects\\home_page.py\", line 73, in checking_that_the_cost_is_visible\n    self.wait_until_visible(*self.cost_of_two_buns)\n  File \"C:\\Users\\79168\\PycharmProjects\\Diplom\\Diplom_3\\page_objects\\base_page.py\", line 34, in wait_until_visible\n    return self.wait.until(expected_conditions.visibility_of_element_located((by, value)))\n           ^^^^^^^^^^^^^^^^^^^^^^^^^^^^^^^^^^^^^^^^^^^^^^^^^^^^^^^^^^^^^^^^^^^^^^^^^^^^^^^\n  File \"C:\\Users\\79168\\PycharmProjects\\qa_python_1\\.venv\\Lib\\site-packages\\selenium\\webdriver\\support\\wait.py\", line 105, in until\n    raise TimeoutException(message, screen, stacktrace)\n"}, "start": 1730477097314, "stop": 1730477107419}], "parameters": [{"name": "driver", "value": "'firefox'"}], "start": 1730477091741, "stop": 1730477107419, "uuid": "38fe6ab6-8adc-4782-bad6-75467484ed73", "historyId": "b1939f5c5687c706d64c753dd0f3064e", "testCaseId": "33b9024d0af2ded8444edf0af95e9474", "fullName": "tests.test_home_page.TestHomePage#test_count_increase", "labels": [{"name": "parentSuite", "value": "tests"}, {"name": "suite", "value": "test_home_page"}, {"name": "subSuite", "value": "TestHomePage"}, {"name": "host", "value": "LAPTOP-G5OQRFSD"}, {"name": "thread", "value": "8500-MainThread"}, {"name": "framework", "value": "pytest"}, {"name": "language", "value": "cpython3"}, {"name": "package", "value": "tests.test_home_page"}]}