{"name": "после оформления заказа его номер появляется в разделе В работе", "status": "broken", "statusDetails": {"message": "selenium.common.exceptions.TimeoutException: Message: \nStacktrace:\nRemoteError@chrome://remote/content/shared/RemoteError.sys.mjs:8:8\nWebDriverError@chrome://remote/content/shared/webdriver/Errors.sys.mjs:193:5\nNoSuchElementError@chrome://remote/content/shared/webdriver/Errors.sys.mjs:511:5\ndom.find/</<@chrome://remote/content/shared/DOM.sys.mjs:136:16", "trace": "self = <test_feed_page.TestFeedPage object at 0x00000275757272F0>, driver = <selenium.webdriver.firefox.webdriver.WebDriver (session=\"69746663-c52f-4ac3-93b8-ec22d5e6fd35\")>\n\n    @allure.title(\"после оформления заказа его номер появляется в разделе В работе\")\n    def test_number_appears_in_the_in_progress_section(self, driver):\n        authorization_page = AuthorizationPage(driver)\n        authorization_page.opening_the_authorization_page()\n        authorization_page.entering_email_in_the_login_form(test_email)\n        authorization_page.entering_password_in_the_login_form(test_password)\n        authorization_page.click_on_the_login_button()\n        home_page = HomePage(driver)\n        home_page.move_bun()\n        home_page.click_place_an_order()\n        home_page.wait_cross_active()\n        number1 = home_page.get_number_from_the_order_modal_window()\n        home_page.click_cross_orders()\n        home_page.click_on_the_feed_orders()\n        feed_page = FeedPage(driver)\n>       number2 = feed_page.get_number_order_number_in_progress_1()\n\ntests\\test_feed_page.py:112: \n_ _ _ _ _ _ _ _ _ _ _ _ _ _ _ _ _ _ _ _ _ _ _ _ _ _ _ _ _ _ _ _ _ _ _ _ _ _ _ _ _ _ _ _ _ _ _ _ _ _ _ _ _ _ _ _ _ _ _ _ _ _ _ _ _ _ _ _ _ _ _ _ _ _ _ _ _ _ _ _ _ _ _ _ _ _ _ _ _ _ _ _\npage_objects\\feed_page.py:40: in get_number_order_number_in_progress_1\n    return self.get_number(*self.order_number_in_progress_1)\npage_objects\\base_page.py:55: in get_number\n    element = self.wait.until(expected_conditions.visibility_of_element_located((by, value)))\n_ _ _ _ _ _ _ _ _ _ _ _ _ _ _ _ _ _ _ _ _ _ _ _ _ _ _ _ _ _ _ _ _ _ _ _ _ _ _ _ _ _ _ _ _ _ _ _ _ _ _ _ _ _ _ _ _ _ _ _ _ _ _ _ _ _ _ _ _ _ _ _ _ _ _ _ _ _ _ _ _ _ _ _ _ _ _ _ _ _ _ _\n\nself = <selenium.webdriver.support.wait.WebDriverWait (session=\"69746663-c52f-4ac3-93b8-ec22d5e6fd35\")>\nmethod = <function visibility_of_element_located.<locals>._predicate at 0x00000275757F9440>, message = ''\n\n    def until(self, method: Callable[[D], Union[Literal[False], T]], message: str = \"\") -> T:\n        \"\"\"Calls the method provided with the driver as an argument until the \\\n        return value does not evaluate to ``False``.\n    \n        :param method: callable(WebDriver)\n        :param message: optional message for :exc:`TimeoutException`\n        :returns: the result of the last call to `method`\n        :raises: :exc:`selenium.common.exceptions.TimeoutException` if timeout occurs\n        \"\"\"\n        screen = None\n        stacktrace = None\n    \n        end_time = time.monotonic() + self._timeout\n        while True:\n            try:\n                value = method(self._driver)\n                if value:\n                    return value\n            except self._ignored_exceptions as exc:\n                screen = getattr(exc, \"screen\", None)\n                stacktrace = getattr(exc, \"stacktrace\", None)\n            time.sleep(self._poll)\n            if time.monotonic() > end_time:\n                break\n>       raise TimeoutException(message, screen, stacktrace)\nE       selenium.common.exceptions.TimeoutException: Message: \nE       Stacktrace:\nE       RemoteError@chrome://remote/content/shared/RemoteError.sys.mjs:8:8\nE       WebDriverError@chrome://remote/content/shared/webdriver/Errors.sys.mjs:193:5\nE       NoSuchElementError@chrome://remote/content/shared/webdriver/Errors.sys.mjs:511:5\nE       dom.find/</<@chrome://remote/content/shared/DOM.sys.mjs:136:16\n\n..\\..\\qa_python_1\\.venv\\Lib\\site-packages\\selenium\\webdriver\\support\\wait.py:105: TimeoutException"}, "steps": [{"name": "Открытие страницы авторизации", "status": "passed", "start": 1730476808565, "stop": 1730476809693}, {"name": "Ввод почты", "status": "passed", "parameters": [{"name": "email", "value": "'lerochka11@yandex.ru'"}], "start": 1730476809693, "stop": 1730476809788}, {"name": "Ввод пароля", "status": "passed", "parameters": [{"name": "password", "value": "'123456789'"}], "start": 1730476809788, "stop": 1730476809819}, {"name": "Клик на кнопку войти", "status": "passed", "start": 1730476809819, "stop": 1730476810071}, {"name": "Перемещение булочки", "status": "passed", "start": 1730476810071, "stop": 1730476811159}, {"name": "Клик на 'сделать заказ'", "status": "passed", "start": 1730476811159, "stop": 1730476811395}, {"name": "Ожидание активного крестика", "status": "passed", "start": 1730476811395, "stop": 1730476813396}, {"name": "Получение номера заказа", "status": "passed", "start": 1730476813396, "stop": 1730476813416}, {"name": "Клик на крестик", "status": "passed", "start": 1730476813417, "stop": 1730476813646}, {"name": "Клик на ленту заказов", "status": "passed", "start": 1730476813646, "stop": 1730476813882}, {"name": "Получение первого номера в статусе 'В работе'", "status": "broken", "statusDetails": {"message": "selenium.common.exceptions.TimeoutException: Message: \nStacktrace:\nRemoteError@chrome://remote/content/shared/RemoteError.sys.mjs:8:8\nWebDriverError@chrome://remote/content/shared/webdriver/Errors.sys.mjs:193:5\nNoSuchElementError@chrome://remote/content/shared/webdriver/Errors.sys.mjs:511:5\ndom.find/</<@chrome://remote/content/shared/DOM.sys.mjs:136:16\n\n", "trace": "  File \"C:\\Users\\79168\\PycharmProjects\\qa_python_1\\.venv\\Lib\\site-packages\\allure_commons\\_allure.py\", line 192, in impl\n    return func(*a, **kw)\n           ^^^^^^^^^^^^^^\n  File \"C:\\Users\\79168\\PycharmProjects\\Diplom\\Diplom_3\\page_objects\\feed_page.py\", line 40, in get_number_order_number_in_progress_1\n    return self.get_number(*self.order_number_in_progress_1)\n           ^^^^^^^^^^^^^^^^^^^^^^^^^^^^^^^^^^^^^^^^^^^^^^^^^\n  File \"C:\\Users\\79168\\PycharmProjects\\Diplom\\Diplom_3\\page_objects\\base_page.py\", line 55, in get_number\n    element = self.wait.until(expected_conditions.visibility_of_element_located((by, value)))\n              ^^^^^^^^^^^^^^^^^^^^^^^^^^^^^^^^^^^^^^^^^^^^^^^^^^^^^^^^^^^^^^^^^^^^^^^^^^^^^^^\n  File \"C:\\Users\\79168\\PycharmProjects\\qa_python_1\\.venv\\Lib\\site-packages\\selenium\\webdriver\\support\\wait.py\", line 105, in until\n    raise TimeoutException(message, screen, stacktrace)\n"}, "start": 1730476813882, "stop": 1730476823993}], "parameters": [{"name": "driver", "value": "'firefox'"}], "start": 1730476808565, "stop": 1730476823993, "uuid": "9ceb2363-a5e4-4e21-99ce-538913e6d00b", "historyId": "f66011fca9cdee8f9f36f9babac3f816", "testCaseId": "80c928bbd55439f2f16f420d84951d10", "fullName": "tests.test_feed_page.TestFeedPage#test_number_appears_in_the_in_progress_section", "labels": [{"name": "parentSuite", "value": "tests"}, {"name": "suite", "value": "test_feed_page"}, {"name": "subSuite", "value": "TestFeedPage"}, {"name": "host", "value": "LAPTOP-G5OQRFSD"}, {"name": "thread", "value": "8500-MainThread"}, {"name": "framework", "value": "pytest"}, {"name": "language", "value": "cpython3"}, {"name": "package", "value": "tests.test_feed_page"}]}